-------------------------------------------------------------------------------
Test set: PersonalAccountTest
-------------------------------------------------------------------------------
Tests run: 8, Failures: 4, Errors: 4, Skipped: 0, Time elapsed: 18.3 s <<< FAILURE! - in PersonalAccountTest
transferToPersonalAccountSuccessTest(PersonalAccountTest)  Time elapsed: 4.608 s  <<< FAILURE!
com.codeborne.selenide.ex.ElementNotFound: 
Element not found {By.xpath: //p[text()='Личный Кабинет']}
Expected: visible or transparent: visible or have css value opacity=0
Screenshot: file:/C:/Users/yulki/Desktop/Yandex.Praktikum/Diplom/Diplom_3/build/reports/tests/1652091319476.11.png
Page source: file:/C:/Users/yulki/Desktop/Yandex.Praktikum/Diplom/Diplom_3/build/reports/tests/1652091319476.11.html
Timeout: 4 s.
Caused by: NoSuchElementException: no such element: Unable to locate element: {"method":"xpath","selector":"//p[text()='Личный Кабинет']"}
	at PersonalAccountTest.registration(PersonalAccountTest.java:28)
Caused by: org.openqa.selenium.NoSuchElementException: 
no such element: Unable to locate element: {"method":"xpath","selector":"//p[text()='Личный Кабинет']"}
  (Session info: chrome=100.0.4896.127)
For documentation on this error, please visit: https://selenium.dev/exceptions/#no_such_element
Build info: version: '4.1.2', revision: '9a5a329c5a'
System info: host: 'DESKTOP-22G40KG', ip: '192.168.43.131', os.name: 'Windows 10', os.arch: 'amd64', os.version: '10.0', java.version: '11.0.12'
Driver info: org.openqa.selenium.chrome.ChromeDriver
Command: [4f7b833cfb42d2cfaf3432256b15d922, findElement {using=xpath, value=//p[text()='Личный Кабинет']}]
Capabilities {acceptInsecureCerts: true, browserName: chrome, browserVersion: 100.0.4896.127, chrome: {chromedriverVersion: 100.0.4896.60 (6a5d10861ce8..., userDataDir: C:\Users\yulki\AppData\Loca...}, goog:chromeOptions: {debuggerAddress: localhost:58518}, javascriptEnabled: true, networkConnectionEnabled: false, pageLoadStrategy: normal, platform: WINDOWS, platformName: WINDOWS, proxy: Proxy(), se:cdp: ws://localhost:58518/devtoo..., se:cdpVersion: 100.0.4896.127, setWindowRect: true, strictFileInteractability: false, timeouts: {implicit: 0, pageLoad: 300000, script: 30000}, unhandledPromptBehavior: dismiss and notify, webauthn:extension:credBlob: true, webauthn:extension:largeBlob: true, webauthn:virtualAuthenticators: true}
Session ID: 4f7b833cfb42d2cfaf3432256b15d922
	at PersonalAccountTest.registration(PersonalAccountTest.java:28)

transferToPersonalAccountSuccessTest(PersonalAccountTest)  Time elapsed: 4.608 s  <<< ERROR!
java.lang.NullPointerException
	at PersonalAccountTest.down(PersonalAccountTest.java:91)

switchingFromPersonalAccountToConstructorViaConstructorButtonSuccessTest(PersonalAccountTest)  Time elapsed: 4.529 s  <<< FAILURE!
com.codeborne.selenide.ex.ElementNotFound: 
Element not found {By.xpath: //p[text()='Личный Кабинет']}
Expected: visible or transparent: visible or have css value opacity=0
Screenshot: file:/C:/Users/yulki/Desktop/Yandex.Praktikum/Diplom/Diplom_3/build/reports/tests/1652091324075.12.png
Page source: file:/C:/Users/yulki/Desktop/Yandex.Praktikum/Diplom/Diplom_3/build/reports/tests/1652091324075.12.html
Timeout: 4 s.
Caused by: NoSuchElementException: no such element: Unable to locate element: {"method":"xpath","selector":"//p[text()='Личный Кабинет']"}
	at PersonalAccountTest.registration(PersonalAccountTest.java:28)
Caused by: org.openqa.selenium.NoSuchElementException: 
no such element: Unable to locate element: {"method":"xpath","selector":"//p[text()='Личный Кабинет']"}
  (Session info: chrome=100.0.4896.127)
For documentation on this error, please visit: https://selenium.dev/exceptions/#no_such_element
Build info: version: '4.1.2', revision: '9a5a329c5a'
System info: host: 'DESKTOP-22G40KG', ip: '192.168.43.131', os.name: 'Windows 10', os.arch: 'amd64', os.version: '10.0', java.version: '11.0.12'
Driver info: org.openqa.selenium.chrome.ChromeDriver
Command: [4f7b833cfb42d2cfaf3432256b15d922, findElement {using=xpath, value=//p[text()='Личный Кабинет']}]
Capabilities {acceptInsecureCerts: true, browserName: chrome, browserVersion: 100.0.4896.127, chrome: {chromedriverVersion: 100.0.4896.60 (6a5d10861ce8..., userDataDir: C:\Users\yulki\AppData\Loca...}, goog:chromeOptions: {debuggerAddress: localhost:58518}, javascriptEnabled: true, networkConnectionEnabled: false, pageLoadStrategy: normal, platform: WINDOWS, platformName: WINDOWS, proxy: Proxy(), se:cdp: ws://localhost:58518/devtoo..., se:cdpVersion: 100.0.4896.127, setWindowRect: true, strictFileInteractability: false, timeouts: {implicit: 0, pageLoad: 300000, script: 30000}, unhandledPromptBehavior: dismiss and notify, webauthn:extension:credBlob: true, webauthn:extension:largeBlob: true, webauthn:virtualAuthenticators: true}
Session ID: 4f7b833cfb42d2cfaf3432256b15d922
	at PersonalAccountTest.registration(PersonalAccountTest.java:28)

switchingFromPersonalAccountToConstructorViaConstructorButtonSuccessTest(PersonalAccountTest)  Time elapsed: 4.529 s  <<< ERROR!
java.lang.NullPointerException
	at PersonalAccountTest.down(PersonalAccountTest.java:91)

logoutFromAccountSuccessTest(PersonalAccountTest)  Time elapsed: 4.528 s  <<< FAILURE!
com.codeborne.selenide.ex.ElementNotFound: 
Element not found {By.xpath: //p[text()='Личный Кабинет']}
Expected: visible or transparent: visible or have css value opacity=0
Screenshot: file:/C:/Users/yulki/Desktop/Yandex.Praktikum/Diplom/Diplom_3/build/reports/tests/1652091328638.13.png
Page source: file:/C:/Users/yulki/Desktop/Yandex.Praktikum/Diplom/Diplom_3/build/reports/tests/1652091328638.13.html
Timeout: 4 s.
Caused by: NoSuchElementException: no such element: Unable to locate element: {"method":"xpath","selector":"//p[text()='Личный Кабинет']"}
	at PersonalAccountTest.registration(PersonalAccountTest.java:28)
Caused by: org.openqa.selenium.NoSuchElementException: 
no such element: Unable to locate element: {"method":"xpath","selector":"//p[text()='Личный Кабинет']"}
  (Session info: chrome=100.0.4896.127)
For documentation on this error, please visit: https://selenium.dev/exceptions/#no_such_element
Build info: version: '4.1.2', revision: '9a5a329c5a'
System info: host: 'DESKTOP-22G40KG', ip: '192.168.43.131', os.name: 'Windows 10', os.arch: 'amd64', os.version: '10.0', java.version: '11.0.12'
Driver info: org.openqa.selenium.chrome.ChromeDriver
Command: [4f7b833cfb42d2cfaf3432256b15d922, findElement {using=xpath, value=//p[text()='Личный Кабинет']}]
Capabilities {acceptInsecureCerts: true, browserName: chrome, browserVersion: 100.0.4896.127, chrome: {chromedriverVersion: 100.0.4896.60 (6a5d10861ce8..., userDataDir: C:\Users\yulki\AppData\Loca...}, goog:chromeOptions: {debuggerAddress: localhost:58518}, javascriptEnabled: true, networkConnectionEnabled: false, pageLoadStrategy: normal, platform: WINDOWS, platformName: WINDOWS, proxy: Proxy(), se:cdp: ws://localhost:58518/devtoo..., se:cdpVersion: 100.0.4896.127, setWindowRect: true, strictFileInteractability: false, timeouts: {implicit: 0, pageLoad: 300000, script: 30000}, unhandledPromptBehavior: dismiss and notify, webauthn:extension:credBlob: true, webauthn:extension:largeBlob: true, webauthn:virtualAuthenticators: true}
Session ID: 4f7b833cfb42d2cfaf3432256b15d922
	at PersonalAccountTest.registration(PersonalAccountTest.java:28)

logoutFromAccountSuccessTest(PersonalAccountTest)  Time elapsed: 4.529 s  <<< ERROR!
java.lang.NullPointerException
	at PersonalAccountTest.down(PersonalAccountTest.java:91)

switchingFromPersonalAccountToConstructorViaLogoSuccessTest(PersonalAccountTest)  Time elapsed: 4.613 s  <<< FAILURE!
com.codeborne.selenide.ex.ElementNotFound: 
Element not found {By.xpath: //p[text()='Личный Кабинет']}
Expected: visible or transparent: visible or have css value opacity=0
Screenshot: file:/C:/Users/yulki/Desktop/Yandex.Praktikum/Diplom/Diplom_3/build/reports/tests/1652091333129.14.png
Page source: file:/C:/Users/yulki/Desktop/Yandex.Praktikum/Diplom/Diplom_3/build/reports/tests/1652091333129.14.html
Timeout: 4 s.
Caused by: NoSuchElementException: no such element: Unable to locate element: {"method":"xpath","selector":"//p[text()='Личный Кабинет']"}
	at PersonalAccountTest.registration(PersonalAccountTest.java:28)
Caused by: org.openqa.selenium.NoSuchElementException: 
no such element: Unable to locate element: {"method":"xpath","selector":"//p[text()='Личный Кабинет']"}
  (Session info: chrome=100.0.4896.127)
For documentation on this error, please visit: https://selenium.dev/exceptions/#no_such_element
Build info: version: '4.1.2', revision: '9a5a329c5a'
System info: host: 'DESKTOP-22G40KG', ip: '192.168.43.131', os.name: 'Windows 10', os.arch: 'amd64', os.version: '10.0', java.version: '11.0.12'
Driver info: org.openqa.selenium.chrome.ChromeDriver
Command: [4f7b833cfb42d2cfaf3432256b15d922, findElement {using=xpath, value=//p[text()='Личный Кабинет']}]
Capabilities {acceptInsecureCerts: true, browserName: chrome, browserVersion: 100.0.4896.127, chrome: {chromedriverVersion: 100.0.4896.60 (6a5d10861ce8..., userDataDir: C:\Users\yulki\AppData\Loca...}, goog:chromeOptions: {debuggerAddress: localhost:58518}, javascriptEnabled: true, networkConnectionEnabled: false, pageLoadStrategy: normal, platform: WINDOWS, platformName: WINDOWS, proxy: Proxy(), se:cdp: ws://localhost:58518/devtoo..., se:cdpVersion: 100.0.4896.127, setWindowRect: true, strictFileInteractability: false, timeouts: {implicit: 0, pageLoad: 300000, script: 30000}, unhandledPromptBehavior: dismiss and notify, webauthn:extension:credBlob: true, webauthn:extension:largeBlob: true, webauthn:virtualAuthenticators: true}
Session ID: 4f7b833cfb42d2cfaf3432256b15d922
	at PersonalAccountTest.registration(PersonalAccountTest.java:28)

switchingFromPersonalAccountToConstructorViaLogoSuccessTest(PersonalAccountTest)  Time elapsed: 4.613 s  <<< ERROR!
java.lang.NullPointerException
	at PersonalAccountTest.down(PersonalAccountTest.java:91)

